
Wed Nov 16 02:07:36 2022
engine started

Wed Nov 16 02:07:46 2022
0836828268 00000.000 rcv R01DXP Client                      W000000BWzzzzzzzzzzzzzzzzzzzzeeeeeeeeeewwwwwwwwwwwwwwwwwwww

Wed Nov 16 02:23:36 2022
engine started

Wed Nov 16 02:23:46 2022
0837787571 00000.000 rcv R01DXP Client                      W000000BWzzzzzzzzzzzzzzzzzzzzeeeeeeeeeewwwwwwwwwwwwwwwwwwww
Wed Nov 16 02:29:29 2022
0838131268 00000.000 rcv R01DXP Client                      W000000BWzzzzzzzzzzzzzzzzzzzzeeeeeeeeeewwwwwwwwwwwwwwwwwwww

Wed Nov 16 02:36:26 2022
engine started


Wed Nov 16 02:36:43 2022
engine started


Wed Nov 16 02:36:54 2022
engine started


Wed Nov 16 02:40:06 2022
engine started


Wed Nov 16 02:40:17 2022
engine started


Wed Nov 16 02:40:29 2022
engine started


Wed Nov 16 02:40:40 2022
engine started


Wed Nov 16 02:40:57 2022
engine started


Wed Nov 16 02:41:36 2022
engine started


Wed Nov 16 02:41:48 2022
engine started


Wed Nov 16 02:41:58 2022
engine started


Wed Nov 16 02:42:12 2022
engine started


Wed Nov 16 02:42:50 2022
engine started

Wed Nov 16 02:43:00 2022
0838941812 00000.000 rcv R01DXP Client                      W100060BWzzzzzzzzzzzzzzzzzzzzeeeeeeeeeewwwwwwwwwwwwwwwwwwww
0838941813 00000.001 snd AMoby Dam (May 17 2019)          0

Wed Nov 16 02:44:25 2022
engine started

Wed Nov 16 02:44:35 2022
0839037214 00000.000 rcv R01DXP Client                      W100060BWzzzzzzzzzzzzzzzzzzzzeeeeeeeeeewwwwwwwwwwwwwwwwwwww
0839037214 00000.000 snd Cgamereq received while already in a game
0839037214 00000.000 snd AMoby Dam (May 17 2019)          2
0839101043 00063.829 snd M0159312700

Wed Nov 16 02:45:40 2022
engine started

Wed Nov 16 02:45:50 2022
0839112061 00000.000 rcv R01DXP Client                      W100060BWzzzzzzzzzzzzzzzzzzzzeeeeeeeeeewwwwwwwwwwwwwwwwwwww
0839112061 00000.000 snd Cgamereq received while already in a game
0839112061 00000.000 snd AMoby Dam (May 17 2019)          2

Wed Nov 16 02:47:24 2022
engine started

Wed Nov 16 02:47:34 2022
0839216091 00000.000 rcv R01DXP Client                      W100060BWzzzzzzzzzzzzzzzzzzzzeeeeeeeeeewwwwwwwwwwwwwwwwwwww
0839216091 00000.000 snd Cgamereq received while already in a game
0839216091 00000.000 snd AMoby Dam (May 17 2019)          2

Wed Nov 16 02:51:09 2022
engine started

Wed Nov 16 02:51:19 2022
0839440744 00000.000 rcv R01DXP Client                      W100060BWzzzzzzzzzzzzzzzzzzzzeeeeeeeeeewwwwwwwwwwwwwwwwwwww
0839440744 00000.000 snd Cgamereq received while already in a game
0839440744 00000.000 snd AMoby Dam (May 17 2019)          2

Wed Nov 16 02:51:19 2022
engine started

Wed Nov 16 02:51:29 2022
0839451235 00000.000 rcv R01DXP Client                      W100060BWzzzzzzzzzzzzzzzzzzzzeeeeeeeeeewwwwwwwwwwwwwwwwwwww
0839451235 00000.000 snd Cgamereq received while already in a game
0839451235 00000.000 snd AMoby Dam (May 17 2019)          2

Wed Nov 16 02:51:30 2022
engine started

Wed Nov 16 02:51:40 2022
0839462197 00000.000 rcv R01DXP Client                      W100060BWzzzzzzzzzzzzzzzzzzzzeeeeeeeeeewwwwwwwwwwwwwwwwwwww
0839462197 00000.000 snd Cgamereq received while already in a game
0839462197 00000.000 snd AMoby Dam (May 17 2019)          2

Wed Nov 16 02:51:44 2022
engine started


Wed Nov 16 02:52:26 2022
engine started

Wed Nov 16 02:52:36 2022
0839518228 00000.000 rcv R01DXP Client                      W100060BWzzzzzzzzzzzzzzzzzzzzeeeeeeeeeewwwwwwwwwwwwwwwwwwww
0839518228 00000.000 snd Cgamereq received while already in a game
0839518228 00000.000 snd AMoby Dam (May 17 2019)          2

Wed Nov 16 03:04:36 2022
engine started


Wed Nov 16 03:04:53 2022
engine started

Wed Nov 16 03:05:03 2022
0840264826 00000.000 rcv R01DXP Client                      W100060BWzzzzzzzzzzzzzzzzzzzzeeeeeeeeeewwwwwwwwwwwwwwwwwwww
0840264826 00000.000 snd Cgamereq received while already in a game
0840264826 00000.000 snd AMoby Dam (May 17 2019)          2

Wed Nov 16 03:07:51 2022
engine started

Wed Nov 16 03:08:01 2022
0840443033 00000.000 rcv R01DXP Client                      W100060BWzzzzzzzzzzzzzzzzzzzzeeeeeeeeeewwwwwwwwwwwwwwwwwwww
0840443033 00000.000 snd Cgamereq received while already in a game
0840443033 00000.000 snd AMoby Dam (May 17 2019)          2

Wed Nov 16 03:10:28 2022
engine started

Wed Nov 16 03:10:38 2022
0840600161 00000.000 rcv R01DXP Client                      W100060BWzzzzzzzzzzzzzzzzzzzzeeeeeeeeeewwwwwwwwwwwwwwwwwwww
0840600161 00000.000 snd Cgamereq received while already in a game
0840600161 00000.000 snd AMoby Dam (May 17 2019)          2

Wed Nov 16 03:11:42 2022
engine started

Wed Nov 16 03:11:55 2022
0840676733 00000.000 rcv R01DXP Client                      Z000000BWzzzzzzzzzzzzzzzzzzzzeeeeeeeeeewwwwwwwwwwwwwwwwwwww
0840676733 00000.000 snd Cgamereq received while already in a game
0840676733 00000.000 snd AMoby Dam (May 17 2019)          2

Wed Nov 16 03:17:20 2022
engine started

Wed Nov 16 03:17:30 2022
0841011767 00000.000 rcv R01DXP Client                      W000000BWzzzzzzzzzzzzzzzzzzzzeeeeeeeeeewwwwwwwwwwwwwwwwwwww

Wed Nov 16 03:19:09 2022
engine started

Wed Nov 16 03:19:48 2022
0841149882 00000.000 rcv R01DXP Client                      W000000BWzzzzzzzzzzzzzzzzzzzzeeeeeeeeeewwwwwwwwwwwwwwwwwwww
Wed Nov 16 03:21:38 2022
0841259406 00000.000 rcv R01DXP Client                      W000000BWzzzzzzzzzzzzzzzzzzzzeeeeeeeeeewwwwwwwwwwwwwwwwwwww
