Wed Nov 16 02:07:36 2022
Moby Dam (May 17 2019)
compiled with -g -O3 -Wall -mpopcnt -flto -DPF -DETC -DLMR -DKIL -DCUT
created tt with 33554432 entries (2^25), size=512MiB
wiped tt with 33554432 entries
init_book: can't find book file book.opn
init_enddb: 4 out of 4 2-piece db files not found
init_enddb: 12 out of 12 3-piece db files not found
init_enddb: 26 out of 26 4-piece db files not found
init_enddb: 44 out of 44 5-piece db files not found
init_enddb: 70 out of 70 6-piece db files not found
incoming connection accepted
Wed Nov 16 02:23:36 2022
Moby Dam (May 17 2019)
compiled with -g -O3 -Wall -mpopcnt -flto -DPF -DETC -DLMR -DKIL -DCUT
created tt with 33554432 entries (2^25), size=512MiB
wiped tt with 33554432 entries
init_book: can't find book file book.opn
init_enddb: 4 out of 4 2-piece db files not found
init_enddb: 12 out of 12 3-piece db files not found
init_enddb: 26 out of 26 4-piece db files not found
init_enddb: 44 out of 44 5-piece db files not found
init_enddb: 70 out of 70 6-piece db files not found
incoming connection accepted
incoming connection accepted
Wed Nov 16 02:36:26 2022
Moby Dam (May 17 2019)
compiled with -g -O3 -Wall -mpopcnt -flto -DPF -DETC -DLMR -DKIL -DCUT
created tt with 33554432 entries (2^25), size=512MiB
wiped tt with 33554432 entries
init_book: can't find book file book.opn
init_enddb: 4 out of 4 2-piece db files not found
init_enddb: 12 out of 12 3-piece db files not found
init_enddb: 26 out of 26 4-piece db files not found
init_enddb: 44 out of 44 5-piece db files not found
init_enddb: 70 out of 70 6-piece db files not found
incoming connection accepted
Wed Nov 16 02:36:43 2022
Moby Dam (May 17 2019)
compiled with -g -O3 -Wall -mpopcnt -flto -DPF -DETC -DLMR -DKIL -DCUT
created tt with 33554432 entries (2^25), size=512MiB
wiped tt with 33554432 entries
init_book: can't find book file book.opn
init_enddb: 4 out of 4 2-piece db files not found
init_enddb: 12 out of 12 3-piece db files not found
init_enddb: 26 out of 26 4-piece db files not found
init_enddb: 44 out of 44 5-piece db files not found
init_enddb: 70 out of 70 6-piece db files not found
closing previous connection
incoming connection accepted
Wed Nov 16 02:36:54 2022
Moby Dam (May 17 2019)
compiled with -g -O3 -Wall -mpopcnt -flto -DPF -DETC -DLMR -DKIL -DCUT
created tt with 33554432 entries (2^25), size=512MiB
wiped tt with 33554432 entries
init_book: can't find book file book.opn
init_enddb: 4 out of 4 2-piece db files not found
init_enddb: 12 out of 12 3-piece db files not found
init_enddb: 26 out of 26 4-piece db files not found
init_enddb: 44 out of 44 5-piece db files not found
init_enddb: 70 out of 70 6-piece db files not found
Wed Nov 16 02:40:06 2022
Moby Dam (May 17 2019)
compiled with -g -O3 -Wall -mpopcnt -flto -DPF -DETC -DLMR -DKIL -DCUT
created tt with 33554432 entries (2^25), size=512MiB
wiped tt with 33554432 entries
init_book: can't find book file book.opn
init_enddb: 4 out of 4 2-piece db files not found
init_enddb: 12 out of 12 3-piece db files not found
init_enddb: 26 out of 26 4-piece db files not found
init_enddb: 44 out of 44 5-piece db files not found
init_enddb: 70 out of 70 6-piece db files not found
incoming connection accepted
Wed Nov 16 02:40:17 2022
Moby Dam (May 17 2019)
compiled with -g -O3 -Wall -mpopcnt -flto -DPF -DETC -DLMR -DKIL -DCUT
created tt with 33554432 entries (2^25), size=512MiB
wiped tt with 33554432 entries
init_book: can't find book file book.opn
init_enddb: 4 out of 4 2-piece db files not found
init_enddb: 12 out of 12 3-piece db files not found
init_enddb: 26 out of 26 4-piece db files not found
init_enddb: 44 out of 44 5-piece db files not found
init_enddb: 70 out of 70 6-piece db files not found
closing previous connection
incoming connection accepted
Wed Nov 16 02:40:29 2022
Moby Dam (May 17 2019)
compiled with -g -O3 -Wall -mpopcnt -flto -DPF -DETC -DLMR -DKIL -DCUT
created tt with 33554432 entries (2^25), size=512MiB
wiped tt with 33554432 entries
init_book: can't find book file book.opn
init_enddb: 4 out of 4 2-piece db files not found
init_enddb: 12 out of 12 3-piece db files not found
init_enddb: 26 out of 26 4-piece db files not found
init_enddb: 44 out of 44 5-piece db files not found
init_enddb: 70 out of 70 6-piece db files not found
closing previous connection
incoming connection accepted
Wed Nov 16 02:40:40 2022
Moby Dam (May 17 2019)
compiled with -g -O3 -Wall -mpopcnt -flto -DPF -DETC -DLMR -DKIL -DCUT
created tt with 33554432 entries (2^25), size=512MiB
wiped tt with 33554432 entries
init_book: can't find book file book.opn
init_enddb: 4 out of 4 2-piece db files not found
init_enddb: 12 out of 12 3-piece db files not found
init_enddb: 26 out of 26 4-piece db files not found
init_enddb: 44 out of 44 5-piece db files not found
init_enddb: 70 out of 70 6-piece db files not found
closing previous connection
incoming connection accepted
Wed Nov 16 02:40:57 2022
Moby Dam (May 17 2019)
compiled with -g -O3 -Wall -mpopcnt -flto -DPF -DETC -DLMR -DKIL -DCUT
created tt with 33554432 entries (2^25), size=512MiB
wiped tt with 33554432 entries
init_book: can't find book file book.opn
init_enddb: 4 out of 4 2-piece db files not found
init_enddb: 12 out of 12 3-piece db files not found
init_enddb: 26 out of 26 4-piece db files not found
init_enddb: 44 out of 44 5-piece db files not found
init_enddb: 70 out of 70 6-piece db files not found
Wed Nov 16 02:41:36 2022
Moby Dam (May 17 2019)
compiled with -g -O3 -Wall -mpopcnt -flto -DPF -DETC -DLMR -DKIL -DCUT
created tt with 33554432 entries (2^25), size=512MiB
wiped tt with 33554432 entries
init_book: can't find book file book.opn
init_enddb: 4 out of 4 2-piece db files not found
init_enddb: 12 out of 12 3-piece db files not found
init_enddb: 26 out of 26 4-piece db files not found
init_enddb: 44 out of 44 5-piece db files not found
init_enddb: 70 out of 70 6-piece db files not found
incoming connection accepted
Wed Nov 16 02:41:48 2022
Moby Dam (May 17 2019)
compiled with -g -O3 -Wall -mpopcnt -flto -DPF -DETC -DLMR -DKIL -DCUT
created tt with 33554432 entries (2^25), size=512MiB
wiped tt with 33554432 entries
init_book: can't find book file book.opn
init_enddb: 4 out of 4 2-piece db files not found
init_enddb: 12 out of 12 3-piece db files not found
init_enddb: 26 out of 26 4-piece db files not found
init_enddb: 44 out of 44 5-piece db files not found
init_enddb: 70 out of 70 6-piece db files not found
closing previous connection
incoming connection accepted
Wed Nov 16 02:41:58 2022
Moby Dam (May 17 2019)
compiled with -g -O3 -Wall -mpopcnt -flto -DPF -DETC -DLMR -DKIL -DCUT
created tt with 33554432 entries (2^25), size=512MiB
wiped tt with 33554432 entries
init_book: can't find book file book.opn
init_enddb: 4 out of 4 2-piece db files not found
init_enddb: 12 out of 12 3-piece db files not found
init_enddb: 26 out of 26 4-piece db files not found
init_enddb: 44 out of 44 5-piece db files not found
init_enddb: 70 out of 70 6-piece db files not found
closing previous connection
incoming connection accepted
Wed Nov 16 02:42:12 2022
Moby Dam (May 17 2019)
compiled with -g -O3 -Wall -mpopcnt -flto -DPF -DETC -DLMR -DKIL -DCUT
created tt with 33554432 entries (2^25), size=512MiB
wiped tt with 33554432 entries
init_book: can't find book file book.opn
init_enddb: 4 out of 4 2-piece db files not found
init_enddb: 12 out of 12 3-piece db files not found
init_enddb: 26 out of 26 4-piece db files not found
init_enddb: 44 out of 44 5-piece db files not found
init_enddb: 70 out of 70 6-piece db files not found
Wed Nov 16 02:42:50 2022
Moby Dam (May 17 2019)
compiled with -g -O3 -Wall -mpopcnt -flto -DPF -DETC -DLMR -DKIL -DCUT
created tt with 33554432 entries (2^25), size=512MiB
wiped tt with 33554432 entries
init_book: can't find book file book.opn
init_enddb: 4 out of 4 2-piece db files not found
init_enddb: 12 out of 12 3-piece db files not found
init_enddb: 26 out of 26 4-piece db files not found
init_enddb: 44 out of 44 5-piece db files not found
init_enddb: 70 out of 70 6-piece db files not found
incoming connection accepted
Wed Nov 16 02:43:00 2022
gamereq received from DXP Client                      
60 moves in 6000000 ms
     b   b   b   b   b
   b   b   b   b   b
     b   b   b   b   b
   b   b   b   b   b
     .   .   .   .   .
   .   .   .   .   .
     w   w   w   w   w
   w   w   w   w   w
     w   w   w   w   w
   w   w   w   w   w   (w to move)
starting game number 1
Wed Nov 16 02:44:25 2022
Moby Dam (May 17 2019)
compiled with -g -O3 -Wall -mpopcnt -flto -DPF -DETC -DLMR -DKIL -DCUT
created tt with 33554432 entries (2^25), size=512MiB
wiped tt with 33554432 entries
init_book: can't find book file book.opn
init_enddb: 4 out of 4 2-piece db files not found
init_enddb: 12 out of 12 3-piece db files not found
init_enddb: 26 out of 26 4-piece db files not found
init_enddb: 44 out of 44 5-piece db files not found
init_enddb: 70 out of 70 6-piece db files not found
incoming connection accepted
gamereq received while already in a game
reached depth=19 move=8
nodes total=705276928 nonleaf=338926023 leaf=366350905
moves calls=687375875 generated=1475185866
tt probes=173173515 hits=17901035 bestmoves=18441162
etc tests=922960 tthits=262595 cuts=57246
egdb err=0 2pc=0 3pc=0 4pc=0 5pc=0 6pc=0
evals=347731813 score=-30
move=1. 31-27 
     b   b   b   b   b
   b   b   b   b   b
     b   b   b   b   b
   b   b   b   b   b
     .   .   .   .   .
   .   w   .   .   .
     .   w   w   w   w
   w   w   w   w   w
     w   w   w   w   w
   w   w   w   w   w   (b to move)
engine used 159230 ms, leaving 5840770 ms for 59 moves
Wed Nov 16 02:45:40 2022
Moby Dam (May 17 2019)
compiled with -g -O3 -Wall -mpopcnt -flto -DPF -DETC -DLMR -DKIL -DCUT
created tt with 33554432 entries (2^25), size=512MiB
wiped tt with 33554432 entries
init_book: can't find book file book.opn
init_enddb: 4 out of 4 2-piece db files not found
init_enddb: 12 out of 12 3-piece db files not found
init_enddb: 26 out of 26 4-piece db files not found
init_enddb: 44 out of 44 5-piece db files not found
init_enddb: 70 out of 70 6-piece db files not found
closing previous connection
incoming connection accepted
gamereq received while already in a game
Wed Nov 16 02:47:24 2022
Moby Dam (May 17 2019)
compiled with -g -O3 -Wall -mpopcnt -flto -DPF -DETC -DLMR -DKIL -DCUT
created tt with 33554432 entries (2^25), size=512MiB
wiped tt with 33554432 entries
init_book: can't find book file book.opn
init_enddb: 4 out of 4 2-piece db files not found
init_enddb: 12 out of 12 3-piece db files not found
init_enddb: 26 out of 26 4-piece db files not found
init_enddb: 44 out of 44 5-piece db files not found
init_enddb: 70 out of 70 6-piece db files not found
incoming connection accepted
gamereq received while already in a game
Wed Nov 16 02:51:09 2022
Moby Dam (May 17 2019)
compiled with -g -O3 -Wall -mpopcnt -flto -DPF -DETC -DLMR -DKIL -DCUT
created tt with 33554432 entries (2^25), size=512MiB
wiped tt with 33554432 entries
init_book: can't find book file book.opn
init_enddb: 4 out of 4 2-piece db files not found
init_enddb: 12 out of 12 3-piece db files not found
init_enddb: 26 out of 26 4-piece db files not found
init_enddb: 44 out of 44 5-piece db files not found
init_enddb: 70 out of 70 6-piece db files not found
incoming connection accepted
gamereq received while already in a game
Wed Nov 16 02:51:19 2022
Moby Dam (May 17 2019)
compiled with -g -O3 -Wall -mpopcnt -flto -DPF -DETC -DLMR -DKIL -DCUT
created tt with 33554432 entries (2^25), size=512MiB
wiped tt with 33554432 entries
init_book: can't find book file book.opn
init_enddb: 4 out of 4 2-piece db files not found
init_enddb: 12 out of 12 3-piece db files not found
init_enddb: 26 out of 26 4-piece db files not found
init_enddb: 44 out of 44 5-piece db files not found
init_enddb: 70 out of 70 6-piece db files not found
closing previous connection
incoming connection accepted
gamereq received while already in a game
Wed Nov 16 02:51:30 2022
Moby Dam (May 17 2019)
compiled with -g -O3 -Wall -mpopcnt -flto -DPF -DETC -DLMR -DKIL -DCUT
created tt with 33554432 entries (2^25), size=512MiB
wiped tt with 33554432 entries
init_book: can't find book file book.opn
init_enddb: 4 out of 4 2-piece db files not found
init_enddb: 12 out of 12 3-piece db files not found
init_enddb: 26 out of 26 4-piece db files not found
init_enddb: 44 out of 44 5-piece db files not found
init_enddb: 70 out of 70 6-piece db files not found
closing previous connection
incoming connection accepted
gamereq received while already in a game
Wed Nov 16 02:51:44 2022
Moby Dam (May 17 2019)
compiled with -g -O3 -Wall -mpopcnt -flto -DPF -DETC -DLMR -DKIL -DCUT
created tt with 33554432 entries (2^25), size=512MiB
wiped tt with 33554432 entries
init_book: can't find book file book.opn
init_enddb: 4 out of 4 2-piece db files not found
init_enddb: 12 out of 12 3-piece db files not found
init_enddb: 26 out of 26 4-piece db files not found
init_enddb: 44 out of 44 5-piece db files not found
init_enddb: 70 out of 70 6-piece db files not found
Wed Nov 16 02:52:26 2022
Moby Dam (May 17 2019)
compiled with -g -O3 -Wall -mpopcnt -flto -DPF -DETC -DLMR -DKIL -DCUT
created tt with 33554432 entries (2^25), size=512MiB
wiped tt with 33554432 entries
init_book: can't find book file book.opn
init_enddb: 4 out of 4 2-piece db files not found
init_enddb: 12 out of 12 3-piece db files not found
init_enddb: 26 out of 26 4-piece db files not found
init_enddb: 44 out of 44 5-piece db files not found
init_enddb: 70 out of 70 6-piece db files not found
incoming connection accepted
gamereq received while already in a game
Wed Nov 16 03:04:36 2022
Moby Dam (May 17 2019)
compiled with -g -O3 -Wall -mpopcnt -flto -DPF -DETC -DLMR -DKIL -DCUT
created tt with 33554432 entries (2^25), size=512MiB
wiped tt with 33554432 entries
init_book: can't find book file book.opn
init_enddb: 4 out of 4 2-piece db files not found
init_enddb: 12 out of 12 3-piece db files not found
init_enddb: 26 out of 26 4-piece db files not found
init_enddb: 44 out of 44 5-piece db files not found
init_enddb: 70 out of 70 6-piece db files not found
Wed Nov 16 03:04:53 2022
Moby Dam (May 17 2019)
compiled with -g -O3 -Wall -mpopcnt -flto -DPF -DETC -DLMR -DKIL -DCUT
created tt with 33554432 entries (2^25), size=512MiB
wiped tt with 33554432 entries
init_book: can't find book file book.opn
init_enddb: 4 out of 4 2-piece db files not found
init_enddb: 12 out of 12 3-piece db files not found
init_enddb: 26 out of 26 4-piece db files not found
init_enddb: 44 out of 44 5-piece db files not found
init_enddb: 70 out of 70 6-piece db files not found
incoming connection accepted
gamereq received while already in a game
Wed Nov 16 03:07:51 2022
Moby Dam (May 17 2019)
compiled with -g -O3 -Wall -mpopcnt -flto -DPF -DETC -DLMR -DKIL -DCUT
created tt with 33554432 entries (2^25), size=512MiB
wiped tt with 33554432 entries
init_book: can't find book file book.opn
init_enddb: 4 out of 4 2-piece db files not found
init_enddb: 12 out of 12 3-piece db files not found
init_enddb: 26 out of 26 4-piece db files not found
init_enddb: 44 out of 44 5-piece db files not found
init_enddb: 70 out of 70 6-piece db files not found
incoming connection accepted
gamereq received while already in a game
Wed Nov 16 03:10:28 2022
Moby Dam (May 17 2019)
compiled with -g -O3 -Wall -mpopcnt -flto -DPF -DETC -DLMR -DKIL -DCUT
created tt with 33554432 entries (2^25), size=512MiB
wiped tt with 33554432 entries
init_book: can't find book file book.opn
init_enddb: 4 out of 4 2-piece db files not found
init_enddb: 12 out of 12 3-piece db files not found
init_enddb: 26 out of 26 4-piece db files not found
init_enddb: 44 out of 44 5-piece db files not found
init_enddb: 70 out of 70 6-piece db files not found
incoming connection accepted
gamereq received while already in a game
Wed Nov 16 03:11:42 2022
Moby Dam (May 17 2019)
compiled with -g -O3 -Wall -mpopcnt -flto -DPF -DETC -DLMR -DKIL -DCUT
created tt with 33554432 entries (2^25), size=512MiB
wiped tt with 33554432 entries
init_book: can't find book file book.opn
init_enddb: 4 out of 4 2-piece db files not found
init_enddb: 12 out of 12 3-piece db files not found
init_enddb: 26 out of 26 4-piece db files not found
init_enddb: 44 out of 44 5-piece db files not found
init_enddb: 70 out of 70 6-piece db files not found
incoming connection accepted
gamereq received while already in a game
Wed Nov 16 03:17:20 2022
Moby Dam (May 17 2019)
compiled with -g -O3 -Wall -mpopcnt -flto -DPF -DETC -DLMR -DKIL -DCUT
created tt with 33554432 entries (2^25), size=512MiB
wiped tt with 33554432 entries
init_book: can't find book file book.opn
init_enddb: 4 out of 4 2-piece db files not found
init_enddb: 12 out of 12 3-piece db files not found
init_enddb: 26 out of 26 4-piece db files not found
init_enddb: 44 out of 44 5-piece db files not found
init_enddb: 70 out of 70 6-piece db files not found
incoming connection accepted
Wed Nov 16 03:19:09 2022
Moby Dam (May 17 2019)
compiled with -g -O3 -Wall -mpopcnt -flto -DPF -DETC -DLMR -DKIL -DCUT
created tt with 33554432 entries (2^25), size=512MiB
wiped tt with 33554432 entries
init_book: can't find book file book.opn
init_enddb: 4 out of 4 2-piece db files not found
init_enddb: 12 out of 12 3-piece db files not found
init_enddb: 26 out of 26 4-piece db files not found
init_enddb: 44 out of 44 5-piece db files not found
init_enddb: 70 out of 70 6-piece db files not found
incoming connection accepted
depth limit = 0
time limit = 600 ms
verbose = on
incoming connection accepted
